\BOOKMARK [1][-]{section.1}{Revisitando Strings}{}% 1
\BOOKMARK [2][-]{subsection.1.1}{O modelo}{section.1}% 2
\BOOKMARK [2][-]{subsection.1.2}{Os operadores + e * O operador + concatena strings e o operador * repete \(e ao mesmo tempo concatena\) strings.}{section.1}% 3
\BOOKMARK [2][-]{subsection.1.3}{M\351todos e fun\347\365es para strings}{section.1}% 4
\BOOKMARK [3][-]{subsubsection.1.3.1}{Convers\343o para mai\372sculas e min\372sculas}{subsection.1.3}% 5
\BOOKMARK [3][-]{subsubsection.1.3.2}{Remo\347\343o de espa\347os \340 esquerda e \340 direita}{subsection.1.3}% 6
\BOOKMARK [3][-]{subsubsection.1.3.3}{Contagem e substitui\347\343o de substrings}{subsection.1.3}% 7
\BOOKMARK [3][-]{subsubsection.1.3.4}{Ajuste do comprimento da string}{subsection.1.3}% 8
\BOOKMARK [3][-]{subsubsection.1.3.5}{Localizar uma subcadeia}{subsection.1.3}% 9
\BOOKMARK [3][-]{subsubsection.1.3.6}{Formata\347\343o}{subsection.1.3}% 10
\BOOKMARK [3][-]{subsubsection.1.3.7}{Comprimento}{subsection.1.3}% 11
\BOOKMARK [3][-]{subsubsection.1.3.8}{Fatiamento \(slicing\)}{subsection.1.3}% 12
\BOOKMARK [3][-]{subsubsection.1.3.9}{Compara\347\343o de cadeias}{subsection.1.3}% 13
\BOOKMARK [2][-]{subsection.1.4}{Strings s\343o imut\341veis}{section.1}% 14
\BOOKMARK [2][-]{subsection.1.5}{Percorrendo strings com for}{section.1}% 15
\BOOKMARK [2][-]{subsection.1.6}{Percorrendo strings com while}{section.1}% 16
\BOOKMARK [2][-]{subsection.1.7}{Os operadores in e not in}{section.1}% 17
\BOOKMARK [2][-]{subsection.1.8}{Exemplos}{section.1}% 18
\BOOKMARK [3][-]{subsubsection.1.8.1}{Remover todas as vogais de uma linha de texto}{subsection.1.8}% 19
\BOOKMARK [3][-]{subsubsection.1.8.2}{Remover de uma cadeia todas as ocorr\352ncias de uma subcadeia dada}{subsection.1.8}% 20
\BOOKMARK [3][-]{subsubsection.1.8.3}{Verificar se uma frase \351 pal\355ndroma}{subsection.1.8}% 21
